Read1 before filtering:
total reads: 1407694
total bases: 202581696
Q20 bases: 201756579(99.5927%)
Q30 bases: 198043923(97.76%)
Q40 bases: 0(0%)

Read2 before filtering:
total reads: 1407694
total bases: 202598375
Q20 bases: 201359541(99.3885%)
Q30 bases: 197655020(97.56%)
Q40 bases: 0(0%)

Read1 after filtering:
total reads: 1400699
total bases: 201659517
Q20 bases: 201002344(99.6741%)
Q30 bases: 197555279(97.9648%)
Q40 bases: 0(0%)

Read2 after filtering:
total reads: 1400699
total bases: 201655006
Q20 bases: 200834793(99.5933%)
Q30 bases: 197467574(97.9235%)
Q40 bases: 0(0%)

Filtering result:
reads passed filter: 2801398
reads failed due to low quality: 11060
reads failed due to too many N: 2930
reads failed due to too short: 0
reads failed due to adapter dimer: 0
reads with adapter trimmed: 11014
bases trimmed due to adapters: 111998

Duplication rate: 13.1917%

Insert size peak (evaluated by paired-end reads): 44

JSON report: SRR38117627.fastp.json
HTML report: SRR38117627.fastp.html

fastp -i SRR38117627_1.fastq -I SRR38117627_2.fastq -o SRR38117627_trimmed_1.fastq.gz -O SRR38117627_trimmed_2.fastq.gz --thread 10 --json SRR38117627.fastp.json --html SRR38117627.fastp.html 
fastp v1.3.2, time used: 3 seconds
