[M::bwa_idx_load_from_disk] read 0 ALT contigs
[M::process] read 694240 sequences (100000128 bp)...
[M::process] read 694188 sequences (100000232 bp)...
[M::mem_pestat] # candidate unique pairs for (FF, FR, RF, RR): (7, 254871, 66, 10)
[M::mem_pestat] skip orientation FF as there are not enough pairs
[M::mem_pestat] analyzing insert size distribution for orientation FR...
[M::mem_pestat] (25, 50, 75) percentile: (293, 462, 591)
[M::mem_pestat] low and high boundaries for computing mean and std.dev: (1, 1187)
[M::mem_pestat] mean and std.dev: (449.33, 222.45)
[M::mem_pestat] low and high boundaries for proper pairs: (1, 1485)
[M::mem_pestat] analyzing insert size distribution for orientation RF...
[M::mem_pestat] (25, 50, 75) percentile: (468, 1405, 1841)
[M::mem_pestat] low and high boundaries for computing mean and std.dev: (1, 4587)
[M::mem_pestat] mean and std.dev: (1263.17, 819.84)
[M::mem_pestat] low and high boundaries for proper pairs: (1, 5960)
[M::mem_pestat] analyzing insert size distribution for orientation RR...
[M::mem_pestat] (25, 50, 75) percentile: (134, 618, 646)
[M::mem_pestat] low and high boundaries for computing mean and std.dev: (1, 1670)
[M::mem_pestat] mean and std.dev: (466.56, 378.96)
[M::mem_pestat] low and high boundaries for proper pairs: (1, 2182)
[M::mem_pestat] skip orientation RF
[M::mem_pestat] skip orientation RR
[M::mem_process_seqs] Processed 694240 reads in 44.119 CPU sec, 5.113 real sec
[M::process] read 694474 sequences (100000047 bp)...
[M::mem_pestat] # candidate unique pairs for (FF, FR, RF, RR): (8, 254411, 58, 3)
[M::mem_pestat] skip orientation FF as there are not enough pairs
[M::mem_pestat] analyzing insert size distribution for orientation FR...
[M::mem_pestat] (25, 50, 75) percentile: (292, 461, 591)
[M::mem_pestat] low and high boundaries for computing mean and std.dev: (1, 1189)
[M::mem_pestat] mean and std.dev: (448.59, 222.31)
[M::mem_pestat] low and high boundaries for proper pairs: (1, 1488)
[M::mem_pestat] analyzing insert size distribution for orientation RF...
[M::mem_pestat] (25, 50, 75) percentile: (884, 1580, 2197)
[M::mem_pestat] low and high boundaries for computing mean and std.dev: (1, 4823)
[M::mem_pestat] mean and std.dev: (1561.61, 864.98)
[M::mem_pestat] low and high boundaries for proper pairs: (1, 6136)
[M::mem_pestat] skip orientation RR as there are not enough pairs
[M::mem_pestat] skip orientation RF
[M::mem_process_seqs] Processed 694188 reads in 45.756 CPU sec, 5.318 real sec
[M::process] read 695348 sequences (100000048 bp)...
[M::mem_pestat] # candidate unique pairs for (FF, FR, RF, RR): (4, 255094, 57, 10)
[M::mem_pestat] skip orientation FF as there are not enough pairs
[M::mem_pestat] analyzing insert size distribution for orientation FR...
[M::mem_pestat] (25, 50, 75) percentile: (291, 459, 590)
[M::mem_pestat] low and high boundaries for computing mean and std.dev: (1, 1188)
[M::mem_pestat] mean and std.dev: (447.29, 222.16)
[M::mem_pestat] low and high boundaries for proper pairs: (1, 1487)
[M::mem_pestat] analyzing insert size distribution for orientation RF...
[M::mem_pestat] (25, 50, 75) percentile: (555, 1493, 1607)
[M::mem_pestat] low and high boundaries for computing mean and std.dev: (1, 3711)
[M::mem_pestat] mean and std.dev: (1253.62, 724.84)
[M::mem_pestat] low and high boundaries for proper pairs: (1, 4763)
[M::mem_pestat] analyzing insert size distribution for orientation RR...
[M::mem_pestat] (25, 50, 75) percentile: (531, 601, 681)
[M::mem_pestat] low and high boundaries for computing mean and std.dev: (231, 981)
[M::mem_pestat] mean and std.dev: (607.67, 129.69)
[M::mem_pestat] low and high boundaries for proper pairs: (81, 1131)
[M::mem_pestat] skip orientation RF
[M::mem_pestat] skip orientation RR
[M::mem_process_seqs] Processed 694474 reads in 45.749 CPU sec, 5.103 real sec
[M::process] read 23148 sequences (3314068 bp)...
[M::mem_pestat] # candidate unique pairs for (FF, FR, RF, RR): (6, 254739, 52, 4)
[M::mem_pestat] skip orientation FF as there are not enough pairs
[M::mem_pestat] analyzing insert size distribution for orientation FR...
[M::mem_pestat] (25, 50, 75) percentile: (286, 457, 587)
[M::mem_pestat] low and high boundaries for computing mean and std.dev: (1, 1189)
[M::mem_pestat] mean and std.dev: (445.19, 222.81)
[M::mem_pestat] low and high boundaries for proper pairs: (1, 1490)
[M::mem_pestat] analyzing insert size distribution for orientation RF...
[M::mem_pestat] (25, 50, 75) percentile: (1027, 1467, 1749)
[M::mem_pestat] low and high boundaries for computing mean and std.dev: (1, 3193)
[M::mem_pestat] mean and std.dev: (1344.87, 692.89)
[M::mem_pestat] low and high boundaries for proper pairs: (1, 4116)
[M::mem_pestat] skip orientation RR as there are not enough pairs
[M::mem_pestat] skip orientation RF
[M::mem_process_seqs] Processed 695348 reads in 46.036 CPU sec, 5.697 real sec
[M::mem_pestat] # candidate unique pairs for (FF, FR, RF, RR): (0, 8487, 2, 0)
[M::mem_pestat] skip orientation FF as there are not enough pairs
[M::mem_pestat] analyzing insert size distribution for orientation FR...
[M::mem_pestat] (25, 50, 75) percentile: (268, 445, 575)
[M::mem_pestat] low and high boundaries for computing mean and std.dev: (1, 1189)
[M::mem_pestat] mean and std.dev: (430.94, 220.86)
[M::mem_pestat] low and high boundaries for proper pairs: (1, 1496)
[M::mem_pestat] skip orientation RF as there are not enough pairs
[M::mem_pestat] skip orientation RR as there are not enough pairs
[M::mem_process_seqs] Processed 23148 reads in 1.515 CPU sec, 0.187 real sec
[main] Version: 0.7.19-r1273
[main] CMD: bwa mem -t 10 reference.fa SRR38117627_trimmed_1.fastq.gz SRR38117627_trimmed_2.fastq.gz
[main] Real time: 22.034 sec; CPU: 183.770 sec
[bam_sort_core] merging from 0 files and 10 in-memory blocks...
